2019-12-04 11:51:19,327 [Worker-3: Loading available Gradle versions] INFO  o.e.b.c.i.u.g.PublishedGradleVersions - Gradle version information cache is up-to-date. Trying to read.
2019-12-04 11:52:01,371 [Worker-6: Loading available Gradle versions] INFO  o.e.b.c.i.u.g.PublishedGradleVersions - Gradle version information cache is up-to-date. Trying to read.
2019-12-04 11:55:48,342 [Worker-4: Loading available Gradle versions] INFO  o.e.b.c.i.u.g.PublishedGradleVersions - Gradle version information cache is up-to-date. Trying to read.
2019-12-05 11:03:47,863 [Worker-7: Loading available Gradle versions] INFO  o.e.b.c.i.u.g.PublishedGradleVersions - Gradle version information cache is up-to-date. Trying to read.
2019-12-06 09:59:34,412 [Worker-1: Loading available Gradle versions] INFO  o.e.b.c.i.u.g.PublishedGradleVersions - Gradle version information cache is out-of-date. Trying to update.
2019-12-06 11:14:07,020 [Worker-5: Loading available Gradle versions] INFO  o.e.b.c.i.u.g.PublishedGradleVersions - Gradle version information cache is up-to-date. Trying to read.
2019-12-06 13:06:09,443 [Worker-2: Loading available Gradle versions] INFO  o.e.b.c.i.u.g.PublishedGradleVersions - Gradle version information cache is up-to-date. Trying to read.
2019-12-06 15:24:38,145 [Worker-0: Loading available Gradle versions] INFO  o.e.b.c.i.u.g.PublishedGradleVersions - Gradle version information cache is up-to-date. Trying to read.
2019-12-07 09:39:14,603 [Worker-3: Loading available Gradle versions] INFO  o.e.b.c.i.u.g.PublishedGradleVersions - Gradle version information cache is up-to-date. Trying to read.
2019-12-08 10:16:25,460 [Worker-23: Loading available Gradle versions] INFO  o.e.b.c.i.u.g.PublishedGradleVersions - Gradle version information cache is out-of-date. Trying to update.
2019-12-08 15:44:18,198 [Worker-174: Match Job] ERROR o.e.m.i.l.MavenConsoleLineTracker - Launch configuration Tomcat v9.0 Server at localhost at file:/C:/Users/shiri/Desktop/DataCentricProject/.metadata/.plugins/org.eclipse.debug.core/.launches/Tomcat%20v9.0%20Server%20at%20localhost.launch does not exist.
org.eclipse.debug.core.DebugException: Launch configuration Tomcat v9.0 Server at localhost at file:/C:/Users/shiri/Desktop/DataCentricProject/.metadata/.plugins/org.eclipse.debug.core/.launches/Tomcat%20v9.0%20Server%20at%20localhost.launch does not exist.
	at org.eclipse.debug.internal.core.LaunchManager.createDebugException(LaunchManager.java:886) ~[org.eclipse.debug.core_3.14.0.v20190812-1404.jar:na]
	at org.eclipse.debug.internal.core.LaunchManager.getInfo(LaunchManager.java:1381) ~[org.eclipse.debug.core_3.14.0.v20190812-1404.jar:na]
	at org.eclipse.debug.internal.core.LaunchConfiguration.getInfo(LaunchConfiguration.java:489) ~[org.eclipse.debug.core_3.14.0.v20190812-1404.jar:na]
	at org.eclipse.debug.internal.core.LaunchConfiguration.getType(LaunchConfiguration.java:644) ~[org.eclipse.debug.core_3.14.0.v20190812-1404.jar:na]
	at org.eclipse.m2e.internal.launch.MavenConsoleLineTracker.isMavenProcess(MavenConsoleLineTracker.java:142) [org.eclipse.m2e.launching_1.13.0.20190716-1624.jar:na]
	at org.eclipse.m2e.internal.launch.MavenConsoleLineTracker.lineAppended(MavenConsoleLineTracker.java:85) [org.eclipse.m2e.launching_1.13.0.20190716-1624.jar:na]
	at org.eclipse.debug.internal.ui.views.console.ConsoleLineNotifier.lineAppended(ConsoleLineNotifier.java:124) [org.eclipse.debug.ui_3.14.200.v20190822-2125.jar:na]
	at org.eclipse.debug.internal.ui.views.console.ConsoleLineNotifier.disconnect(ConsoleLineNotifier.java:72) [org.eclipse.debug.ui_3.14.200.v20190822-2125.jar:na]
	at org.eclipse.ui.internal.console.ConsolePatternMatcher$CompiledPatternMatchListener.dispose(ConsolePatternMatcher.java:198) [org.eclipse.ui.console_3.8.600.v20190815-2020.jar:na]
	at org.eclipse.ui.internal.console.ConsolePatternMatcher.disconnect(ConsolePatternMatcher.java:260) [org.eclipse.ui.console_3.8.600.v20190815-2020.jar:na]
	at org.eclipse.ui.internal.console.ConsolePatternMatcher$MatchJob.run(ConsolePatternMatcher.java:164) [org.eclipse.ui.console_3.8.600.v20190815-2020.jar:na]
	at org.eclipse.core.internal.jobs.Worker.run(Worker.java:63) [org.eclipse.core.jobs_3.10.500.v20190620-1426.jar:na]
2019-12-08 17:48:11,256 [Worker-2: Loading available Gradle versions] INFO  o.e.b.c.i.u.g.PublishedGradleVersions - Gradle version information cache is up-to-date. Trying to read.
2019-12-08 19:33:05,918 [Worker-5: Loading available Gradle versions] INFO  o.e.b.c.i.u.g.PublishedGradleVersions - Gradle version information cache is up-to-date. Trying to read.
